# JRE version: Java(TM) SE Runtime Environment (21.0.11+9) (build 21.0.11+9-LTS-211)
# Java VM: Java HotSpot(TM) 64-Bit Server VM (21.0.11+9-LTS-211, mixed mode, sharing, tiered, compressed oops, compressed class ptrs, g1 gc, windows-amd64)
GC Precious Log:
 CardTable entry size: 512
 Card Set container configuration: InlinePtr #cards 5 size 8 Array Of Cards #cards 12 size 40 Howl #buckets 4 coarsen threshold 1843 Howl Bitmap #cards 512 size 80 coarsen threshold 460 Card regions per heap region 1 cards per card region 2048
 CPUs: 8 total, 8 available
 Memory: 7918M
 Large Page Support: Disabled
 NUMA Support: Disabled
 Compressed Oops: Enabled (32-bit)
 Heap Region Size: 1M
 Heap Min Capacity: 8M
 Heap Initial Capacity: 124M
 Heap Max Capacity: 1980M
 Pre-touch: Disabled
 Parallel Workers: 8
 Concurrent Workers: 2
 Concurrent Refinement Workers: 8
 Periodic GC: Disabled
Heap:
 garbage-first heap   total 206848K, used 105472K [0x0000000084400000, 0x0000000100000000)
  region size 1024K, 22 young (22528K), 2 survivors (2048K)
 Metaspace       used 38590K, committed 39168K, reserved 1114112K
  class space    used 4186K, committed 4480K, reserved 1048576K
GC Heap History (20 events):
Event: 8.764 GC heap before
{Heap before GC invocations=7 (full 0):
 garbage-first heap   total 132096K, used 102290K [0x0000000084400000, 0x0000000100000000)
  region size 1024K, 67 young (68608K), 12 survivors (12288K)
 Metaspace       used 28645K, committed 28992K, reserved 1114112K
  class space    used 3171K, committed 3328K, reserved 1048576K
}
Event: 8.787 GC heap after
{Heap after GC invocations=8 (full 0):
 garbage-first heap   total 132096K, used 55296K [0x0000000084400000, 0x0000000100000000)
  region size 1024K, 7 young (7168K), 7 survivors (7168K)
 Metaspace       used 28645K, committed 28992K, reserved 1114112K
  class space    used 3171K, committed 3328K, reserved 1048576K
}
Event: 9.585 GC heap before
{Heap before GC invocations=8 (full 0):
 garbage-first heap   total 132096K, used 107520K [0x0000000084400000, 0x0000000100000000)
  region size 1024K, 58 young (59392K), 7 survivors (7168K)
 Metaspace       used 30206K, committed 30720K, reserved 1114112K
  class space    used 3349K, committed 3584K, reserved 1048576K
}
Event: 9.598 GC heap after
{Heap after GC invocations=9 (full 0):
 garbage-first heap   total 132096K, used 57834K [0x0000000084400000, 0x0000000100000000)
  region size 1024K, 3 young (3072K), 3 survivors (3072K)
 Metaspace       used 30206K, committed 30720K, reserved 1114112K
  class space    used 3349K, committed 3584K, reserved 1048576K
}
Event: 10.718 GC heap before
{Heap before GC invocations=9 (full 0):
 garbage-first heap   total 132096K, used 111082K [0x0000000084400000, 0x0000000100000000)
  region size 1024K, 55 young (56320K), 3 survivors (3072K)
 Metaspace       used 30495K, committed 30976K, reserved 1114112K
  class space    used 3372K, committed 3584K, reserved 1048576K
}
Event: 10.729 GC heap after
{Heap after GC invocations=10 (full 0):
 garbage-first heap   total 132096K, used 59360K [0x0000000084400000, 0x0000000100000000)
  region size 1024K, 4 young (4096K), 4 survivors (4096K)
 Metaspace       used 30495K, committed 30976K, reserved 1114112K
  class space    used 3372K, committed 3584K, reserved 1048576K
}
Event: 11.069 GC heap before
{Heap before GC invocations=10 (full 0):
 garbage-first heap   total 132096K, used 113632K [0x0000000084400000, 0x0000000100000000)
  region size 1024K, 57 young (58368K), 4 survivors (4096K)
 Metaspace       used 30548K, committed 31104K, reserved 1114112K
  class space    used 3378K, committed 3648K, reserved 1048576K
}
Event: 11.080 GC heap after
{Heap after GC invocations=11 (full 0):
 garbage-first heap   total 132096K, used 60645K [0x0000000084400000, 0x0000000100000000)
  region size 1024K, 6 young (6144K), 6 survivors (6144K)
 Metaspace       used 30548K, committed 31104K, reserved 1114112K
  class space    used 3378K, committed 3648K, reserved 1048576K
}
Event: 11.452 GC heap before
{Heap before GC invocations=11 (full 0):
 garbage-first heap   total 132096K, used 115941K [0x0000000084400000, 0x0000000100000000)
  region size 1024K, 60 young (61440K), 6 survivors (6144K)
 Metaspace       used 30708K, committed 31232K, reserved 1114112K
  class space    used 3383K, committed 3648K, reserved 1048576K
}
Event: 11.465 GC heap after
{Heap after GC invocations=12 (full 0):
 garbage-first heap   total 158720K, used 61648K [0x0000000084400000, 0x0000000100000000)
  region size 1024K, 5 young (5120K), 5 survivors (5120K)
 Metaspace       used 30708K, committed 31232K, reserved 1114112K
  class space    used 3383K, committed 3648K, reserved 1048576K
}
Event: 11.772 GC heap before
{Heap before GC invocations=12 (full 0):
 garbage-first heap   total 158720K, used 139472K [0x0000000084400000, 0x0000000100000000)
  region size 1024K, 81 young (82944K), 5 survivors (5120K)
 Metaspace       used 30828K, committed 31424K, reserved 1114112K
  class space    used 3385K, committed 3648K, reserved 1048576K
}
Event: 11.782 GC heap after
{Heap after GC invocations=13 (full 0):
 garbage-first heap   total 158720K, used 61723K [0x0000000084400000, 0x0000000100000000)
  region size 1024K, 5 young (5120K), 5 survivors (5120K)
 Metaspace       used 30828K, committed 31424K, reserved 1114112K
  class space    used 3385K, committed 3648K, reserved 1048576K
}
Event: 13.350 GC heap before
{Heap before GC invocations=13 (full 0):
 garbage-first heap   total 158720K, used 143643K [0x0000000084400000, 0x0000000100000000)
  region size 1024K, 85 young (87040K), 5 survivors (5120K)
 Metaspace       used 33380K, committed 33984K, reserved 1114112K
  class space    used 3657K, committed 3904K, reserved 1048576K
}
Event: 13.366 GC heap after
{Heap after GC invocations=14 (full 0):
 garbage-first heap   total 158720K, used 64409K [0x0000000084400000, 0x0000000100000000)
  region size 1024K, 8 young (8192K), 8 survivors (8192K)
 Metaspace       used 33380K, committed 33984K, reserved 1114112K
  class space    used 3657K, committed 3904K, reserved 1048576K
}
Event: 14.705 GC heap before
{Heap before GC invocations=14 (full 0):
 garbage-first heap   total 158720K, used 144281K [0x0000000084400000, 0x0000000100000000)
  region size 1024K, 82 young (83968K), 8 survivors (8192K)
 Metaspace       used 33767K, committed 34240K, reserved 1114112K
  class space    used 3677K, committed 3904K, reserved 1048576K
}
Event: 14.731 GC heap after
{Heap after GC invocations=15 (full 0):
 garbage-first heap   total 165888K, used 80896K [0x0000000084400000, 0x0000000100000000)
  region size 1024K, 11 young (11264K), 11 survivors (11264K)
 Metaspace       used 33767K, committed 34240K, reserved 1114112K
  class space    used 3677K, committed 3904K, reserved 1048576K
}
Event: 15.660 GC heap before
{Heap before GC invocations=15 (full 0):
 garbage-first heap   total 165888K, used 144384K [0x0000000084400000, 0x0000000100000000)
  region size 1024K, 74 young (75776K), 11 survivors (11264K)
 Metaspace       used 35023K, committed 35584K, reserved 1114112K
  class space    used 3820K, committed 4032K, reserved 1048576K
}
Event: 15.688 GC heap after
{Heap after GC invocations=16 (full 0):
 garbage-first heap   total 172032K, used 95744K [0x0000000084400000, 0x0000000100000000)
  region size 1024K, 10 young (10240K), 10 survivors (10240K)
 Metaspace       used 35023K, committed 35584K, reserved 1114112K
  class space    used 3820K, committed 4032K, reserved 1048576K
}
Event: 16.211 GC heap before
{Heap before GC invocations=16 (full 0):
 garbage-first heap   total 172032K, used 118272K [0x0000000084400000, 0x0000000100000000)
  region size 1024K, 33 young (33792K), 10 survivors (10240K)
 Metaspace       used 35906K, committed 36480K, reserved 1114112K
  class space    used 3896K, committed 4160K, reserved 1048576K
}
Event: 16.216 GC heap after
{Heap after GC invocations=17 (full 0):
 garbage-first heap   total 206848K, used 94208K [0x0000000084400000, 0x0000000100000000)
  region size 1024K, 2 young (2048K), 2 survivors (2048K)
 Metaspace       used 35906K, committed 36480K, reserved 1114112K
  class space    used 3896K, committed 4160K, reserved 1048576K
}

